
FFT_MPI
  MPI version

  Demonstrate an implementation of the Fast Fourier Transform
  of a complex data vector.

  Accuracy check:

    FFT ( FFT ( X(1:N) ) ) == N * X(1:N)

             N      NITS    Error         Time          Time/Call     MFLOPS

             2     10000  7.859082e-17  0.000000e+00  0.000000e+00      0.000000
             4     10000  1.209837e-16  0.000000e+00  0.000000e+00      0.000000
             8     10000  6.820795e-17  0.000000e+00  0.000000e+00      0.000000
            16     10000  1.438671e-16  0.000000e+00  0.000000e+00      0.000000
            32      1000  1.331210e-16  0.000000e+00  0.000000e+00      0.000000
            64      1000  1.776545e-16  0.000000e+00  0.000000e+00      0.000000
           128      1000  1.929043e-16  0.000000e+00  0.000000e+00      0.000000
           256      1000  2.092319e-16  0.000000e+00  0.000000e+00      0.000000
           512       100  1.927488e-16  0.000000e+00  0.000000e+00      0.000000
          1024       100  2.308607e-16  0.000000e+00  0.000000e+00      0.000000
          2048       100  2.447624e-16  0.000000e+00  0.000000e+00      0.000000
          4096       100  2.479782e-16  0.000000e+00  0.000000e+00      0.000000
          8192        10  2.578088e-16  0.000000e+00  0.000000e+00      0.000000
         16384        10  2.733986e-16  0.000000e+00  0.000000e+00      0.000000
         32768        10  2.923012e-16  0.000000e+00  0.000000e+00      0.000000
         65536        10  2.829927e-16  0.000000e+00  0.000000e+00      0.000000
        131072         1  3.149670e-16  0.000000e+00  0.000000e+00      0.000000
        262144         1  3.218597e-16  0.000000e+00  0.000000e+00      0.000000
        524288         1  3.281373e-16  0.000000e+00  0.000000e+00      0.000000

FFT_MPI:
  Normal end of execution.

That took 2.066541 seconds
